start Mission4
mission_start_time 1463139568
execution_start_time 1463139575
PP_Open
PP_GetNumUnits 0 - 2
PP_GetUnitAt 0 0 - 2831
PP_Unit_GetType 2831_4 - 4
PP_GetUnitAt 0 0 - 2831
PP_Unit_GetType 2831_4 - 4
PP_GetUnitAt 0 0 - 2831
PP_Unit_ActionOnPosition 2831_4 10 1400 1371
PP_GetNumUnits 0 - 2
PP_GetUnitAt 0 1 - 398
PP_Unit_GetType 398_7 - 7
PP_GetUnitAt 0 1 - 398
PP_Unit_ActionOnPosition 398_7 10 479 1825
PP_GetNumUnits 0 - 2
PP_Close
execution_end_time 1463139575
mission_end_time 1463139586
end won Mission4
