start Mission1
mission_start_time 1487783724
execution_start_time 1487783724
programming_language_used C
PP_Open
unit_not_found PP_Unit_ActionOnPosition 0 10 1983 1279 0
PP_Close
execution_end_time 1487783724
execution_start_time 1487783724
programming_language_used C
PP_Open
PP_GetUnitAt 0 0 - 2727
PP_Unit_ActionOnPosition 2727_4 10 1983 1279 0
PP_Close
execution_end_time 1487783724
mission_end_time 1487783724
end won Mission1
start Mission1
mission_start_time 1487785776
execution_start_time 1487785776
programming_language_used C
PP_Open
PP_GetUnitAt 0 0 - 914
PP_Unit_ActionOnPosition 914_4 10 1983 1279 0
PP_Close
execution_end_time 1487785776
mission_end_time 1487785776
end won Mission1
