start Mission1
mission_start_time 1486315958
start Mission1
mission_start_time 1486316042
execution_start_time 1486316042
programming_language_used Python
PP_Open
PP_GetUnitAt 0 0 - 1064
PP_Unit_ActionOnPosition 1064_4 10 1983 1279 0
PP_Close
execution_end_time 1486316042
mission_end_time 1486316042
end won Mission1
start Mission1
mission_start_time 1486316083
execution_start_time 1486316083
programming_language_used Python
PP_Open
PP_GetNumUnits 0 - 1
PP_GetUnitAt 0 0 - 5334
PP_Unit_ActionOnPosition 5334_4 10 1983 1979 1
PP_GetNumUnits 0 - 1
PP_Close
execution_end_time 1486316083
execution_start_time 1486316083
programming_language_used Python
PP_Open
PP_GetNumUnits 0 - 1
PP_GetUnitAt 0 0 - 5334
PP_Unit_ActionOnPosition 5334_4 10 1983 1979 0
PP_GetNumUnits 0 - 1
PP_Close
execution_end_time 1486316083
execution_start_time 1486316083
programming_language_used Python
PP_Open
PP_GetNumUnits 0 - 1
PP_GetUnitAt 0 0 - 5334
PP_Unit_ActionOnPosition 5334_4 10 1983 1979 0
PP_GetNumUnits 0 - 1
PP_Close
execution_end_time 1486316083
execution_start_time 1486316083
programming_language_used Python
PP_Open
PP_GetNumUnits 0 - 1
PP_GetUnitAt 0 0 - 5334
PP_Unit_ActionOnPosition 5334_4 10 1983 1279 0
PP_GetNumUnits 0 - 1
PP_Close
execution_end_time 1486316083
mission_end_time 1486316083
end won Mission1
start Mission1
mission_start_time 1486392875
execution_start_time 1486392875
programming_language_used Ada
PP_Open
PP_GetUnitAt 0 0 - 5661
PP_Close
execution_end_time 1486392875
execution_start_time 1486392875
programming_language_used Ada
PP_Open
PP_GetUnitAt 0 0 - 5661
PP_Close
execution_end_time 1486392875
execution_start_time 1486392875
programming_language_used Ada
PP_Open
PP_GetUnitAt 0 0 - 5661
PP_Close
execution_end_time 1486392875
execution_start_time 1486392875
programming_language_used Ada
PP_Open
PP_GetUnitAt 0 0 - 5661
PP_Close
execution_end_time 1486392875
execution_start_time 1486392875
programming_language_used Ada
PP_Open
PP_GetUnitAt 0 0 - 5661
PP_Close
execution_end_time 1486392875
execution_start_time 1486392875
programming_language_used Ada
PP_Open
PP_GetUnitAt 0 0 - 5661
PP_Close
execution_end_time 1486392875
execution_start_time 1486392875
programming_language_used Ada
PP_Open
PP_GetUnitAt 0 0 - 5661
PP_Close
execution_end_time 1486392875
execution_start_time 1486392875
programming_language_used Ada
PP_Open
PP_GetUnitAt 0 0 - 5661
PP_Close
execution_end_time 1486392875
execution_start_time 1486392875
programming_language_used Ada
PP_Open
PP_GetUnitAt 0 0 - 5661
PP_Close
execution_end_time 1486392875
execution_start_time 1486392875
programming_language_used Ada
PP_Open
PP_GetUnitAt 0 0 - 5661
PP_Close
execution_end_time 1486392875
start Mission1
mission_start_time 1486487786
PP_Open
PP_GetUnits
PP_GetUnits
PP_GetUnits
PP_GetUnits
PP_Close
execution_end_time 1486487786
PP_Open
PP_GetUnits
PP_Unit_ActionOnPosition 3660_4 10 1983 1279 0
PP_Close
execution_end_time 1486487786
PP_Open
PP_GetUnits
PP_Unit_ActionOnPosition 3660_4 10 1983 1279 1
mission_end_time 1486487786
end won Mission1
start Mission1
mission_start_time 1486488354
execution_start_time 1486488354
programming_language_used OCaml
PP_Open
PP_GetUnits
PP_Unit_ActionOnPosition 4414_4 10 1983 1279 1
mission_end_time 1486488354
end won Mission1
start Mission1
mission_start_time 1486490364
execution_start_time 1486490364
programming_language_used OCaml
PP_Open
PP_GetUnits 0
PP_Unit_ActionOnPosition 2478_4 10 1983 1279 0
PP_Close
execution_end_time 1486490364
mission_end_time 1486490364
end won Mission1
