This is pdfTeX, Version 3.14159265-2.6-1.40.16 (MiKTeX 2.9) (preloaded format=pdflatex 2016.3.25)  16 JUN 2016 11:59
entering extended mode
**./level_editor_user_doc.tex
(level_editor_user_doc.tex
LaTeX2e <2015/10/01> patch level 2
Babel <3.9n> and hyphenation patterns for 69 languages loaded.

("C:\Users\Benjamin-Zigaroula-\AppData\Local\Programs\MiKTeX 2.9\tex\latex\base
\article.cls"
Document Class: article 2014/09/29 v1.4h Standard LaTeX document class

("C:\Users\Benjamin-Zigaroula-\AppData\Local\Programs\MiKTeX 2.9\tex\latex\base
\size10.clo"
File: size10.clo 2014/09/29 v1.4h Standard LaTeX file (size option)
)
\c@part=\count79
\c@section=\count80
\c@subsection=\count81
\c@subsubsection=\count82
\c@paragraph=\count83
\c@subparagraph=\count84
\c@figure=\count85
\c@table=\count86
\abovecaptionskip=\skip41
\belowcaptionskip=\skip42
\bibindent=\dimen102
)
("C:\Users\Benjamin-Zigaroula-\AppData\Local\Programs\MiKTeX 2.9\tex\latex\grap
hics\graphicx.sty"
Package: graphicx 2014/10/28 v1.0g Enhanced LaTeX Graphics (DPC,SPQR)

("C:\Users\Benjamin-Zigaroula-\AppData\Local\Programs\MiKTeX 2.9\tex\latex\grap
hics\keyval.sty"
Package: keyval 2014/10/28 v1.15 key=value parser (DPC)
\KV@toks@=\toks14
)
("C:\Users\Benjamin-Zigaroula-\AppData\Local\Programs\MiKTeX 2.9\tex\latex\grap
hics\graphics.sty"
Package: graphics 2014/10/28 v1.0p Standard LaTeX Graphics (DPC,SPQR)

("C:\Users\Benjamin-Zigaroula-\AppData\Local\Programs\MiKTeX 2.9\tex\latex\grap
hics\trig.sty"
Package: trig 1999/03/16 v1.09 sin cos tan (DPC)
)
("C:\Users\Benjamin-Zigaroula-\AppData\Local\Programs\MiKTeX 2.9\tex\latex\00mi
ktex\graphics.cfg"
File: graphics.cfg 2007/01/18 v1.5 graphics configuration of teTeX/TeXLive
)
Package graphics Info: Driver file: pdftex.def on input line 94.

("C:\Users\Benjamin-Zigaroula-\AppData\Local\Programs\MiKTeX 2.9\tex\latex\pdft
ex-def\pdftex.def"
File: pdftex.def 2011/05/27 v0.06d Graphics/color for pdfTeX

("C:\Users\Benjamin-Zigaroula-\AppData\Local\Programs\MiKTeX 2.9\tex\generic\ob
erdiek\infwarerr.sty"
Package: infwarerr 2010/04/08 v1.3 Providing info/warning/error messages (HO)
)
("C:\Users\Benjamin-Zigaroula-\AppData\Local\Programs\MiKTeX 2.9\tex\generic\ob
erdiek\ltxcmds.sty"
Package: ltxcmds 2011/11/09 v1.22 LaTeX kernel commands for general use (HO)
)
\Gread@gobject=\count87
))
\Gin@req@height=\dimen103
\Gin@req@width=\dimen104
)
("C:\Users\Benjamin-Zigaroula-\AppData\Local\Programs\MiKTeX 2.9\tex\latex\base
\inputenc.sty"
Package: inputenc 2015/03/17 v1.2c Input encoding file
\inpenc@prehook=\toks15
\inpenc@posthook=\toks16

("C:\Users\Benjamin-Zigaroula-\AppData\Local\Programs\MiKTeX 2.9\tex\latex\base
\utf8.def"
File: utf8.def 2015/09/07 v1.1p UTF-8 support for inputenc
Now handling font encoding OML ...
... no UTF-8 mapping file for font encoding OML
Now handling font encoding T1 ...
... processing UTF-8 mapping file for font encoding T1

("C:\Users\Benjamin-Zigaroula-\AppData\Local\Programs\MiKTeX 2.9\tex\latex\base
\t1enc.dfu"
File: t1enc.dfu 2015/09/07 v1.1p UTF-8 support for inputenc
   defining Unicode char U+00A0 (decimal 160)
   defining Unicode char U+00A1 (decimal 161)
   defining Unicode char U+00A3 (decimal 163)
   defining Unicode char U+00AB (decimal 171)
   defining Unicode char U+00AD (decimal 173)
   defining Unicode char U+00BB (decimal 187)
   defining Unicode char U+00BF (decimal 191)
   defining Unicode char U+00C0 (decimal 192)
   defining Unicode char U+00C1 (decimal 193)
   defining Unicode char U+00C2 (decimal 194)
   defining Unicode char U+00C3 (decimal 195)
   defining Unicode char U+00C4 (decimal 196)
   defining Unicode char U+00C5 (decimal 197)
   defining Unicode char U+00C6 (decimal 198)
   defining Unicode char U+00C7 (decimal 199)
   defining Unicode char U+00C8 (decimal 200)
   defining Unicode char U+00C9 (decimal 201)
   defining Unicode char U+00CA (decimal 202)
   defining Unicode char U+00CB (decimal 203)
   defining Unicode char U+00CC (decimal 204)
   defining Unicode char U+00CD (decimal 205)
   defining Unicode char U+00CE (decimal 206)
   defining Unicode char U+00CF (decimal 207)
   defining Unicode char U+00D0 (decimal 208)
   defining Unicode char U+00D1 (decimal 209)
   defining Unicode char U+00D2 (decimal 210)
   defining Unicode char U+00D3 (decimal 211)
   defining Unicode char U+00D4 (decimal 212)
   defining Unicode char U+00D5 (decimal 213)
   defining Unicode char U+00D6 (decimal 214)
   defining Unicode char U+00D8 (decimal 216)
   defining Unicode char U+00D9 (decimal 217)
   defining Unicode char U+00DA (decimal 218)
   defining Unicode char U+00DB (decimal 219)
   defining Unicode char U+00DC (decimal 220)
   defining Unicode char U+00DD (decimal 221)
   defining Unicode char U+00DE (decimal 222)
   defining Unicode char U+00DF (decimal 223)
   defining Unicode char U+00E0 (decimal 224)
   defining Unicode char U+00E1 (decimal 225)
   defining Unicode char U+00E2 (decimal 226)
   defining Unicode char U+00E3 (decimal 227)
   defining Unicode char U+00E4 (decimal 228)
   defining Unicode char U+00E5 (decimal 229)
   defining Unicode char U+00E6 (decimal 230)
   defining Unicode char U+00E7 (decimal 231)
   defining Unicode char U+00E8 (decimal 232)
   defining Unicode char U+00E9 (decimal 233)
   defining Unicode char U+00EA (decimal 234)
   defining Unicode char U+00EB (decimal 235)
   defining Unicode char U+00EC (decimal 236)
   defining Unicode char U+00ED (decimal 237)
   defining Unicode char U+00EE (decimal 238)
   defining Unicode char U+00EF (decimal 239)
   defining Unicode char U+00F0 (decimal 240)
   defining Unicode char U+00F1 (decimal 241)
   defining Unicode char U+00F2 (decimal 242)
   defining Unicode char U+00F3 (decimal 243)
   defining Unicode char U+00F4 (decimal 244)
   defining Unicode char U+00F5 (decimal 245)
   defining Unicode char U+00F6 (decimal 246)
   defining Unicode char U+00F8 (decimal 248)
   defining Unicode char U+00F9 (decimal 249)
   defining Unicode char U+00FA (decimal 250)
   defining Unicode char U+00FB (decimal 251)
   defining Unicode char U+00FC (decimal 252)
   defining Unicode char U+00FD (decimal 253)
   defining Unicode char U+00FE (decimal 254)
   defining Unicode char U+00FF (decimal 255)
   defining Unicode char U+0102 (decimal 258)
   defining Unicode char U+0103 (decimal 259)
   defining Unicode char U+0104 (decimal 260)
   defining Unicode char U+0105 (decimal 261)
   defining Unicode char U+0106 (decimal 262)
   defining Unicode char U+0107 (decimal 263)
   defining Unicode char U+010C (decimal 268)
   defining Unicode char U+010D (decimal 269)
   defining Unicode char U+010E (decimal 270)
   defining Unicode char U+010F (decimal 271)
   defining Unicode char U+0110 (decimal 272)
   defining Unicode char U+0111 (decimal 273)
   defining Unicode char U+0118 (decimal 280)
   defining Unicode char U+0119 (decimal 281)
   defining Unicode char U+011A (decimal 282)
   defining Unicode char U+011B (decimal 283)
   defining Unicode char U+011E (decimal 286)
   defining Unicode char U+011F (decimal 287)
   defining Unicode char U+0130 (decimal 304)
   defining Unicode char U+0131 (decimal 305)
   defining Unicode char U+0132 (decimal 306)
   defining Unicode char U+0133 (decimal 307)
   defining Unicode char U+0139 (decimal 313)
   defining Unicode char U+013A (decimal 314)
   defining Unicode char U+013D (decimal 317)
   defining Unicode char U+013E (decimal 318)
   defining Unicode char U+0141 (decimal 321)
   defining Unicode char U+0142 (decimal 322)
   defining Unicode char U+0143 (decimal 323)
   defining Unicode char U+0144 (decimal 324)
   defining Unicode char U+0147 (decimal 327)
   defining Unicode char U+0148 (decimal 328)
   defining Unicode char U+014A (decimal 330)
   defining Unicode char U+014B (decimal 331)
   defining Unicode char U+0150 (decimal 336)
   defining Unicode char U+0151 (decimal 337)
   defining Unicode char U+0152 (decimal 338)
   defining Unicode char U+0153 (decimal 339)
   defining Unicode char U+0154 (decimal 340)
   defining Unicode char U+0155 (decimal 341)
   defining Unicode char U+0158 (decimal 344)
   defining Unicode char U+0159 (decimal 345)
   defining Unicode char U+015A (decimal 346)
   defining Unicode char U+015B (decimal 347)
   defining Unicode char U+015E (decimal 350)
   defining Unicode char U+015F (decimal 351)
   defining Unicode char U+0160 (decimal 352)
   defining Unicode char U+0161 (decimal 353)
   defining Unicode char U+0162 (decimal 354)
   defining Unicode char U+0163 (decimal 355)
   defining Unicode char U+0164 (decimal 356)
   defining Unicode char U+0165 (decimal 357)
   defining Unicode char U+016E (decimal 366)
   defining Unicode char U+016F (decimal 367)
   defining Unicode char U+0170 (decimal 368)
   defining Unicode char U+0171 (decimal 369)
   defining Unicode char U+0174 (decimal 372)
   defining Unicode char U+0175 (decimal 373)
   defining Unicode char U+0176 (decimal 374)
   defining Unicode char U+0177 (decimal 375)
   defining Unicode char U+0178 (decimal 376)
   defining Unicode char U+0179 (decimal 377)
   defining Unicode char U+017A (decimal 378)
   defining Unicode char U+017B (decimal 379)
   defining Unicode char U+017C (decimal 380)
   defining Unicode char U+017D (decimal 381)
   defining Unicode char U+017E (decimal 382)
   defining Unicode char U+0218 (decimal 536)
   defining Unicode char U+0219 (decimal 537)
   defining Unicode char U+021A (decimal 538)
   defining Unicode char U+021B (decimal 539)
   defining Unicode char U+200C (decimal 8204)
   defining Unicode char U+2013 (decimal 8211)
   defining Unicode char U+2014 (decimal 8212)
   defining Unicode char U+2018 (decimal 8216)
   defining Unicode char U+2019 (decimal 8217)
   defining Unicode char U+201A (decimal 8218)
   defining Unicode char U+201C (decimal 8220)
   defining Unicode char U+201D (decimal 8221)
   defining Unicode char U+201E (decimal 8222)
   defining Unicode char U+2030 (decimal 8240)
   defining Unicode char U+2031 (decimal 8241)
   defining Unicode char U+2039 (decimal 8249)
   defining Unicode char U+203A (decimal 8250)
   defining Unicode char U+2423 (decimal 9251)
)
Now handling font encoding OT1 ...
... processing UTF-8 mapping file for font encoding OT1

("C:\Users\Benjamin-Zigaroula-\AppData\Local\Programs\MiKTeX 2.9\tex\latex\base
\ot1enc.dfu"
File: ot1enc.dfu 2015/09/07 v1.1p UTF-8 support for inputenc
   defining Unicode char U+00A0 (decimal 160)
   defining Unicode char U+00A1 (decimal 161)
   defining Unicode char U+00A3 (decimal 163)
   defining Unicode char U+00AD (decimal 173)
   defining Unicode char U+00B8 (decimal 184)
   defining Unicode char U+00BF (decimal 191)
   defining Unicode char U+00C5 (decimal 197)
   defining Unicode char U+00C6 (decimal 198)
   defining Unicode char U+00D8 (decimal 216)
   defining Unicode char U+00DF (decimal 223)
   defining Unicode char U+00E6 (decimal 230)
   defining Unicode char U+00EC (decimal 236)
   defining Unicode char U+00ED (decimal 237)
   defining Unicode char U+00EE (decimal 238)
   defining Unicode char U+00EF (decimal 239)
   defining Unicode char U+00F8 (decimal 248)
   defining Unicode char U+0131 (decimal 305)
   defining Unicode char U+0141 (decimal 321)
   defining Unicode char U+0142 (decimal 322)
   defining Unicode char U+0152 (decimal 338)
   defining Unicode char U+0153 (decimal 339)
   defining Unicode char U+0174 (decimal 372)
   defining Unicode char U+0175 (decimal 373)
   defining Unicode char U+0176 (decimal 374)
   defining Unicode char U+0177 (decimal 375)
   defining Unicode char U+0218 (decimal 536)
   defining Unicode char U+0219 (decimal 537)
   defining Unicode char U+021A (decimal 538)
   defining Unicode char U+021B (decimal 539)
   defining Unicode char U+2013 (decimal 8211)
   defining Unicode char U+2014 (decimal 8212)
   defining Unicode char U+2018 (decimal 8216)
   defining Unicode char U+2019 (decimal 8217)
   defining Unicode char U+201C (decimal 8220)
   defining Unicode char U+201D (decimal 8221)
)
Now handling font encoding OMS ...
... processing UTF-8 mapping file for font encoding OMS

("C:\Users\Benjamin-Zigaroula-\AppData\Local\Programs\MiKTeX 2.9\tex\latex\base
\omsenc.dfu"
File: omsenc.dfu 2015/09/07 v1.1p UTF-8 support for inputenc
   defining Unicode char U+00A7 (decimal 167)
   defining Unicode char U+00B6 (decimal 182)
   defining Unicode char U+00B7 (decimal 183)
   defining Unicode char U+2020 (decimal 8224)
   defining Unicode char U+2021 (decimal 8225)
   defining Unicode char U+2022 (decimal 8226)
)
Now handling font encoding OMX ...
... no UTF-8 mapping file for font encoding OMX
Now handling font encoding U ...
... no UTF-8 mapping file for font encoding U
   defining Unicode char U+00A9 (decimal 169)
   defining Unicode char U+00AA (decimal 170)
   defining Unicode char U+00AE (decimal 174)
   defining Unicode char U+00BA (decimal 186)
   defining Unicode char U+02C6 (decimal 710)
   defining Unicode char U+02DC (decimal 732)
   defining Unicode char U+200C (decimal 8204)
   defining Unicode char U+2026 (decimal 8230)
   defining Unicode char U+2122 (decimal 8482)
   defining Unicode char U+2423 (decimal 9251)
))
("C:\Users\Benjamin-Zigaroula-\AppData\Local\Programs\MiKTeX 2.9\tex\latex\base
\fontenc.sty"
Package: fontenc 2005/09/27 v1.99g Standard LaTeX package

("C:\Users\Benjamin-Zigaroula-\AppData\Local\Programs\MiKTeX 2.9\tex\latex\base
\t1enc.def"
File: t1enc.def 2005/09/27 v1.99g Standard LaTeX file
LaTeX Font Info:    Redeclaring font encoding T1 on input line 48.
))
("C:\Users\Benjamin-Zigaroula-\AppData\Local\Programs\MiKTeX 2.9\tex\generic\ba
bel\babel.sty"
Package: babel 2016/01/08 3.9n The Babel package

*************************************
* Local config file bblopts.cfg used
*

("C:\Users\Benjamin-Zigaroula-\AppData\Local\Programs\MiKTeX 2.9\tex\latex\00mi
ktex\bblopts.cfg"
File: bblopts.cfg 2006/07/31 v1.0 MiKTeX 'babel' configuration
)
("C:\Users\Benjamin-Zigaroula-\AppData\Local\Programs\MiKTeX 2.9\tex\latex\babe
l-french\frenchb.ldf"
Language: frenchb 2016/01/01 v3.1k French support from the babel system

("C:\Users\Benjamin-Zigaroula-\AppData\Local\Programs\MiKTeX 2.9\tex\generic\ba
bel\babel.def"
File: babel.def 2016/01/08 3.9n Babel common definitions
\babel@savecnt=\count88
\U@D=\dimen105
)
\l@acadian = a dialect from \language\l@french 
\l@canadien = a dialect from \language\l@french 
\FBcolonskip=\skip43
\FBthinskip=\skip44
\FB@interchartokenstateORI=\count89
Package babel Info: Making : an active character on input line 372.
Package babel Info: Making ; an active character on input line 373.
Package babel Info: Making ! an active character on input line 374.
Package babel Info: Making ? an active character on input line 375.
\FBguillskip=\skip45
\FBguill@level=\count90
\FB@everypar=\toks17
\FB@Mht=\dimen106
\std@mcc=\count91
\dec@mcc=\count92
\listindentFB=\skip46
\labelwidthFB=\skip47
\leftmarginFB=\skip48
\parindentFFN=\dimen107
))
("C:\Users\Benjamin-Zigaroula-\AppData\Local\Programs\MiKTeX 2.9\tex\latex\carl
isle\scalefnt.sty")
("C:\Users\Benjamin-Zigaroula-\AppData\Local\Programs\MiKTeX 2.9\tex\latex\geom
etry\geometry.sty"
Package: geometry 2010/09/12 v5.6 Page Geometry

("C:\Users\Benjamin-Zigaroula-\AppData\Local\Programs\MiKTeX 2.9\tex\generic\ob
erdiek\ifpdf.sty"
Package: ifpdf 2011/01/30 v2.3 Provides the ifpdf switch (HO)
Package ifpdf Info: pdfTeX in PDF mode is detected.
)
("C:\Users\Benjamin-Zigaroula-\AppData\Local\Programs\MiKTeX 2.9\tex\generic\ob
erdiek\ifvtex.sty"
Package: ifvtex 2010/03/01 v1.5 Detect VTeX and its facilities (HO)
Package ifvtex Info: VTeX not detected.
)
("C:\Users\Benjamin-Zigaroula-\AppData\Local\Programs\MiKTeX 2.9\tex\generic\if
xetex\ifxetex.sty"
Package: ifxetex 2010/09/12 v0.6 Provides ifxetex conditional
)
\Gm@cnth=\count93
\Gm@cntv=\count94
\c@Gm@tempcnt=\count95
\Gm@bindingoffset=\dimen108
\Gm@wd@mp=\dimen109
\Gm@odd@mp=\dimen110
\Gm@even@mp=\dimen111
\Gm@layoutwidth=\dimen112
\Gm@layoutheight=\dimen113
\Gm@layouthoffset=\dimen114
\Gm@layoutvoffset=\dimen115
\Gm@dimlist=\toks18

("C:\Users\Benjamin-Zigaroula-\AppData\Local\Programs\MiKTeX 2.9\tex\latex\geom
etry\geometry.cfg"))
("C:\Users\Benjamin-Zigaroula-\AppData\Local\Programs\MiKTeX 2.9\tex\latex\floa
t\float.sty"
Package: float 2001/11/08 v1.3d Float enhancements (AL)
\c@float@type=\count96
\float@exts=\toks19
\float@box=\box26
\@float@everytoks=\toks20
\@floatcapt=\box27
)
("C:\Users\Benjamin-Zigaroula-\AppData\Local\Programs\MiKTeX 2.9\tex\latex\url\
url.sty"
\Urlmuskip=\muskip10
Package: url 2013/09/16  ver 3.4  Verb mode for urls, etc.
) (level_editor_user_doc.aux)
\openout1 = `level_editor_user_doc.aux'.

LaTeX Font Info:    Checking defaults for OML/cmm/m/it on input line 16.
LaTeX Font Info:    ... okay on input line 16.
LaTeX Font Info:    Checking defaults for T1/cmr/m/n on input line 16.
LaTeX Font Info:    ... okay on input line 16.
LaTeX Font Info:    Checking defaults for OT1/cmr/m/n on input line 16.
LaTeX Font Info:    ... okay on input line 16.
LaTeX Font Info:    Checking defaults for OMS/cmsy/m/n on input line 16.
LaTeX Font Info:    ... okay on input line 16.
LaTeX Font Info:    Checking defaults for OMX/cmex/m/n on input line 16.
LaTeX Font Info:    ... okay on input line 16.
LaTeX Font Info:    Checking defaults for U/cmr/m/n on input line 16.
LaTeX Font Info:    ... okay on input line 16.

("C:\Users\Benjamin-Zigaroula-\AppData\Local\Programs\MiKTeX 2.9\tex\context\ba
se\supp-pdf.mkii"
[Loading MPS to PDF converter (version 2006.09.02).]
\scratchcounter=\count97
\scratchdimen=\dimen116
\scratchbox=\box28
\nofMPsegments=\count98
\nofMParguments=\count99
\everyMPshowfont=\toks21
\MPscratchCnt=\count100
\MPscratchDim=\dimen117
\MPnumerator=\count101
\makeMPintoPDFobject=\count102
\everyMPtoPDFconversion=\toks22
)
LaTeX Info: Redefining \degres on input line 16.
LaTeX Info: Redefining \dots on input line 16.
LaTeX Info: Redefining \up on input line 16.

*geometry* driver: auto-detecting
*geometry* detected driver: pdftex
*geometry* verbose mode - [ preamble ] result:
* driver: pdftex
* paper: a4paper
* layout: <same size as paper>
* layoutoffset:(h,v)=(0.0pt,0.0pt)
* modes: 
* h-part:(L,W,R)=(89.62709pt, 418.25368pt, 89.6271pt)
* v-part:(T,H,B)=(101.40665pt, 591.5302pt, 152.11pt)
* \paperwidth=597.50787pt
* \paperheight=845.04684pt
* \textwidth=418.25368pt
* \textheight=591.5302pt
* \oddsidemargin=17.3571pt
* \evensidemargin=17.3571pt
* \topmargin=-7.86334pt
* \headheight=12.0pt
* \headsep=25.0pt
* \topskip=10.0pt
* \footskip=30.0pt
* \marginparwidth=57.0pt
* \marginparsep=11.0pt
* \columnsep=10.0pt
* \skip\footins=9.0pt plus 4.0pt minus 2.0pt
* \hoffset=0.0pt
* \voffset=0.0pt
* \mag=1000
* \@twocolumnfalse
* \@twosidefalse
* \@mparswitchfalse
* \@reversemarginfalse
* (1in=72.27pt=25.4mm, 1cm=28.453pt)

LaTeX Font Info:    External font `cmex10' loaded for size
(Font)              <12> on input line 18.
LaTeX Font Info:    External font `cmex10' loaded for size
(Font)              <8> on input line 18.
LaTeX Font Info:    External font `cmex10' loaded for size
(Font)              <6> on input line 18.
(level_editor_user_doc.toc
LaTeX Font Info:    External font `cmex10' loaded for size
(Font)              <7> on input line 8.
LaTeX Font Info:    External font `cmex10' loaded for size
(Font)              <5> on input line 8.
)
\tf@toc=\write3
\openout3 = `level_editor_user_doc.toc'.

 [1

{C:/Users/Benjamin-Zigaroula-/AppData/Local/MiKTeX/2.9/pdftex/config/pdftex.map
}]
<editor-spring-launcher.png, id=10, 1445.4pt x 782.925pt>
File: editor-spring-launcher.png Graphic file (type png)

<use editor-spring-launcher.png>
Package pdftex.def Info: editor-spring-launcher.png used on input line 36.
(pdftex.def)             Requested size: 418.25368pt x 226.55263pt.

<pre-launcher.png, id=12, 1445.4pt x 782.925pt>
File: pre-launcher.png Graphic file (type png)
 <use pre-launcher.png>
Package pdftex.def Info: pre-launcher.png used on input line 44.
(pdftex.def)             Requested size: 418.25368pt x 226.55263pt.
 [2 <./editor-spring-launcher.png>] <launcher-main.png, id=19, 1445.4pt x 782.9
25pt>
File: launcher-main.png Graphic file (type png)

<use launcher-main.png>
Package pdftex.def Info: launcher-main.png used on input line 53.
(pdftex.def)             Requested size: 418.25368pt x 226.55263pt.
 [3 <./pre-launcher.png> <./launcher-main.png>]
Underfull \hbox (badness 2376) in paragraph at lines 62--63
  [] \T1/cmr/m/n/10 Ce menu per-met de choi-sir une mis-sion préa-la-ble-ment c
réée via l'édi-teur. L'en-
 []


Underfull \hbox (badness 3407) in paragraph at lines 62--63
\T1/cmr/m/n/10 semble des mis-sions pro-po-sées cor-res-pond aux mis-sions pré-
sentes dans le ré-per-toire
 []

<editor-topbar.png, id=25, 1008.76875pt x 28.60687pt>
File: editor-topbar.png Graphic file (type png)
 <use editor-topbar.png>
Package pdftex.def Info: editor-topbar.png used on input line 71.
(pdftex.def)             Requested size: 418.25368pt x 11.8607pt.

<editor-units.png, id=26, 1445.4pt x 782.925pt>
File: editor-units.png Graphic file (type png)
 <use editor-units.png>
Package pdftex.def Info: editor-units.png used on input line 90.
(pdftex.def)             Requested size: 418.25368pt x 226.55263pt.
 [4 <./editor-topbar.png>] <editor-groups.png, id=32, 1445.4pt x 782.925pt>
File: editor-groups.png Graphic file (type png)

<use editor-groups.png>
Package pdftex.def Info: editor-groups.png used on input line 107.
(pdftex.def)             Requested size: 418.25368pt x 226.55263pt.
 [5 <./editor-units.png>]
<editor-zones.png, id=39, 1445.4pt x 782.925pt>
File: editor-zones.png Graphic file (type png)
 <use editor-zones.png>
Package pdftex.def Info: editor-zones.png used on input line 116.
(pdftex.def)             Requested size: 418.25368pt x 226.55263pt.

<editor-zones-special.png, id=40, 1445.4pt x 670.00313pt>
File: editor-zones-special.png Graphic file (type png)

<use editor-zones-special.png>
Package pdftex.def Info: editor-zones-special.png used on input line 124.
(pdftex.def)             Requested size: 418.25368pt x 193.87677pt.
 [6 <./editor-groups.png> <./editor-zones.png>]
LaTeX Font Info:    Try loading font information for T1+cmtt on input line 135.


("C:\Users\Benjamin-Zigaroula-\AppData\Local\Programs\MiKTeX 2.9\tex\latex\base
\t1cmtt.fd"
File: t1cmtt.fd 2014/09/29 v2.5h Standard LaTeX font definitions
) <editor-teamconfig.png, id=46, 1445.4pt x 782.925pt>
File: editor-teamconfig.png Graphic file (type png)

<use editor-teamconfig.png>
Package pdftex.def Info: editor-teamconfig.png used on input line 139.
(pdftex.def)             Requested size: 418.25368pt x 226.55263pt.
 [7 <./editor-zones-special.png>]
<editor-allyteam.png, id=53, 1445.4pt x 782.925pt>
File: editor-allyteam.png Graphic file (type png)
 <use editor-allyteam.png>
Package pdftex.def Info: editor-allyteam.png used on input line 147.
(pdftex.def)             Requested size: 418.25368pt x 226.55263pt.

[8 <./editor-teamconfig.png> <./editor-allyteam.png>]
<editor-trigger.png, id=59, 1445.4pt x 782.925pt>
File: editor-trigger.png Graphic file (type png)
 <use editor-trigger.png>
Package pdftex.def Info: editor-trigger.png used on input line 163.
(pdftex.def)             Requested size: 418.25368pt x 226.55263pt.

<editor-eventconfig.png, id=60, 1445.4pt x 782.925pt>
File: editor-eventconfig.png Graphic file (type png)

<use editor-eventconfig.png>
Package pdftex.def Info: editor-eventconfig.png used on input line 169.
(pdftex.def)             Requested size: 418.25368pt x 226.55263pt.
 [9 <./editor-trigger.png>]
<editor-variables.png, id=65, 1445.4pt x 782.925pt>
File: editor-variables.png Graphic file (type png)
 <use editor-variables.png>
Package pdftex.def Info: editor-variables.png used on input line 178.
(pdftex.def)             Requested size: 418.25368pt x 226.55263pt.

[10 <./editor-eventconfig.png>]
<editor-pickunit.png, id=70, 1445.4pt x 782.925pt>
File: editor-pickunit.png Graphic file (type png)
 <use editor-pickunit.png>
Package pdftex.def Info: editor-pickunit.png used on input line 192.
(pdftex.def)             Requested size: 418.25368pt x 226.55263pt.

[11 <./editor-variables.png>]
<editor-mapsettings.png, id=75, 1445.4pt x 782.925pt>
File: editor-mapsettings.png Graphic file (type png)

<use editor-mapsettings.png>
Package pdftex.def Info: editor-mapsettings.png used on input line 212.
(pdftex.def)             Requested size: 418.25368pt x 226.55263pt.
 [12 <./editor-pickunit.png>]
<launcher-scenario.png, id=80, 1445.4pt x 782.925pt>
File: launcher-scenario.png Graphic file (type png)

<use launcher-scenario.png>
Package pdftex.def Info: launcher-scenario.png used on input line 226.
(pdftex.def)             Requested size: 418.25368pt x 226.55263pt.
 [13 <./editor-mapsettings.png>] [14 <./launcher-scenario.png>] (level_editor_u
ser_doc.aux) ) 
Here is how much of TeX's memory you used:
 3396 strings out of 493634
 48224 string characters out of 3129527
 114150 words of memory out of 3000000
 6728 multiletter control sequences out of 15000+200000
 15969 words of font info for 37 fonts, out of 3000000 for 9000
 1025 hyphenation exceptions out of 8191
 28i,6n,30p,889b,439s stack positions out of 5000i,500n,10000p,200000b,50000s
 <C:\Users\Benjamin-Zigaroula-\AppData\Local\MiKTeX\2.9\fonts\pk\
ljfour\jknappen\ec\dpi600\ectt0800.pk> <C:\Users\Benjamin-Zigaroula-\AppData\Lo
cal\MiKTeX\2.9\fonts\pk\ljfour\jknappen\ec\dpi600\ecti0800.pk> <C:\Users\Benjam
in-Zigaroula-\AppData\Local\MiKTeX\2.9\fonts\pk\ljfour\jknappen\ec\dpi600\ectt1
000.pk> <C:\Users\Benjamin-Zigaroula-\AppData\Local\MiKTeX\2.9\fonts\pk\ljfour\
jknappen\ec\dpi600\ecrm0800.pk> <C:\Users\Benjamin-Zigaroula-\AppData\Local\MiK
TeX\2.9\fonts\pk\ljfour\jknappen\ec\dpi600\ecrm0700.pk> <C:\Users\Benjamin-Ziga
roula-\AppData\Local\MiKTeX\2.9\fonts\pk\ljfour\jknappen\ec\dpi600\ecbx1200.pk>
 <C:\Users\Benjamin-Zigaroula-\AppData\Local\MiKTeX\2.9\fonts\pk\ljfour\jknappe
n\ec\dpi600\eccc1000.pk> <C:\Users\Benjamin-Zigaroula-\AppData\Local\MiKTeX\2.9
\fonts\pk\ljfour\jknappen\ec\dpi600\ecti1000.pk> <C:\Users\Benjamin-Zigaroula-\
AppData\Local\MiKTeX\2.9\fonts\pk\ljfour\jknappen\ec\dpi600\ecrm1000.pk> <C:\Us
ers\Benjamin-Zigaroula-\AppData\Local\MiKTeX\2.9\fonts\pk\ljfour\jknappen\ec\dp
i600\ecbx1000.pk> <C:\Users\Benjamin-Zigaroula-\AppData\Local\MiKTeX\2.9\fonts\
pk\ljfour\jknappen\ec\dpi600\ecbx1440.pk> <C:\Users\Benjamin-Zigaroula-\AppData
\Local\MiKTeX\2.9\fonts\pk\ljfour\jknappen\ec\dpi600\ecrm1200.pk> <C:\Users\Ben
jamin-Zigaroula-\AppData\Local\MiKTeX\2.9\fonts\pk\ljfour\jknappen\ec\dpi600\ec
rm1728.pk>
Output written on level_editor_user_doc.pdf (14 pages, 7689947 bytes).
PDF statistics:
 531 PDF objects out of 1000 (max. 8388607)
 0 named destinations out of 1000 (max. 500000)
 81 words of extra memory for PDF output out of 10000 (max. 10000000)

